Copyright 1986-2017 Xilinx, Inc. All Rights Reserved.
------------------------------------------------------------------------------------
| Tool Version : Vivado v.2017.4 (win64) Build 2086221 Fri Dec 15 20:55:39 MST 2017
| Date         : Mon Apr 29 21:01:04 2019
| Host         : DESKTOP-V0IJ6O3 running 64-bit major release  (build 9200)
| Command      : upgrade_ip
| Device       : xc7z020clg400-1
------------------------------------------------------------------------------------

Upgrade Log for IP 'design_1_util_vector_logic_0_2'

1. Summary
----------

SUCCESS in the upgrade of design_1_util_vector_logic_0_2 (xilinx.com:ip:util_vector_logic:2.0) to (Rev. 1)






Copyright 1986-2017 Xilinx, Inc. All Rights Reserved.
------------------------------------------------------------------------------------
| Tool Version : Vivado v.2017.4 (win64) Build 2086221 Fri Dec 15 20:55:39 MST 2017
| Date         : Mon Apr 29 21:01:04 2019
| Host         : DESKTOP-V0IJ6O3 running 64-bit major release  (build 9200)
| Command      : upgrade_ip
| Device       : xc7z020clg400-1
------------------------------------------------------------------------------------

Upgrade Log for IP 'design_1_util_vector_logic_0_1'

1. Summary
----------

SUCCESS in the upgrade of design_1_util_vector_logic_0_1 (xilinx.com:ip:util_vector_logic:2.0) to (Rev. 1)






Copyright 1986-2017 Xilinx, Inc. All Rights Reserved.
------------------------------------------------------------------------------------
| Tool Version : Vivado v.2017.4 (win64) Build 2086221 Fri Dec 15 20:55:39 MST 2017
| Date         : Mon Apr 29 21:01:04 2019
| Host         : DESKTOP-V0IJ6O3 running 64-bit major release  (build 9200)
| Command      : upgrade_ip
| Device       : xc7z020clg400-1
------------------------------------------------------------------------------------

Upgrade Log for IP 'design_1_util_vector_logic_0_0'

1. Summary
----------

SUCCESS in the upgrade of design_1_util_vector_logic_0_0 (xilinx.com:ip:util_vector_logic:2.0) to (Rev. 1)






Copyright 1986-2017 Xilinx, Inc. All Rights Reserved.
------------------------------------------------------------------------------------
| Tool Version : Vivado v.2017.4 (win64) Build 2086221 Fri Dec 15 20:55:39 MST 2017
| Date         : Mon Apr 29 21:01:04 2019
| Host         : DESKTOP-V0IJ6O3 running 64-bit major release  (build 9200)
| Command      : upgrade_ip
| Device       : xc7z020clg400-1
------------------------------------------------------------------------------------

Upgrade Log for IP 'design_1_processing_system7_0_0'

1. Summary
----------

SUCCESS in the upgrade of design_1_processing_system7_0_0 (xilinx.com:ip:processing_system7:5.5) to (Rev. 6)

2. Upgrade messages
-------------------

WARNING: upgrade cannot add parameter PCW_TRACE_INTERNAL_WIDTH with default value 32 : a parameter called PCW_TRACE_INTERNAL_WIDTH already exists in processing_system7_v5_5
Added parameter PCW_USE_AXI_NONSECURE with value 0 (source 'default')
Added parameter PCW_EN_PTP_ENET0 with value 1 (source 'default')
WARNING: upgrade cannot add parameter PCW_EN_PTP_ENET0 with default value 1 : a parameter called PCW_EN_PTP_ENET0 already exists in processing_system7_v5_5
Added parameter PCW_GP0_NUM_WRITE_THREADS with value 4 (source 'default')
Added parameter PCW_GP0_NUM_READ_THREADS with value 4 (source 'default')
Added parameter PCW_GP1_NUM_WRITE_THREADS with value 4 (source 'default')
Added parameter PCW_GP1_NUM_READ_THREADS with value 4 (source 'default')
Added parameter PCW_GP0_EN_MODIFIABLE_TXN with value 0 (source 'default')
Added parameter PCW_GP1_EN_MODIFIABLE_TXN with value 0 (source 'default')

