16:39:38 INFO  : Processing command line option -hwspec D:/workspace/mys-xc7z020/mys-xc7z020-trd/mys-xc7z020-trd.sdk/design_1_wrapper.hdf.
16:39:45 INFO  : Launching XSDB server: xsdb.bat -s D:/Xilinx/SDK/2014.4/scripts/xsdb/xsdb/xsdb-server.tcl 2450
16:43:13 INFO  : Invoking Bootgen: bootgen -image fsbl.bif -o D:\workspace\mys-xc7z020\mys-xc7z020-trd\mys-xc7z020-trd.sdk\fsbl\bootimage\BOOT.bin
16:43:13 INFO  : Creating new bif file D:\workspace\mys-xc7z020\mys-xc7z020-trd\mys-xc7z020-trd.sdk\fsbl\bootimage\fsbl.bif
16:43:14 INFO  : Bootgen command execution is done.
16:47:06 INFO  : Refreshed build settings on project fsbl
16:47:25 INFO  : No changes in MSS file content so not generating sources.
16:48:17 INFO  : Invoking Bootgen: bootgen -image fsbl.bif -o D:\workspace\mys-xc7z020\mys-xc7z020-trd\mys-xc7z020-trd.sdk\fsbl\bootimage\BOOT.bin -w on
16:48:17 INFO  : Bootgen command execution is done.
16:52:38 INFO  : Invoking Bootgen: bootgen -image fsbl.bif -o D:\workspace\mys-xc7z020\mys-xc7z020-trd\mys-xc7z020-trd.sdk\fsbl\bootimage\BOOT.bin -w on
16:52:38 INFO  : Overwriting existing bif file D:\workspace\mys-xc7z020\mys-xc7z020-trd\mys-xc7z020-trd.sdk\fsbl\bootimage\fsbl.bif
16:52:39 INFO  : Bootgen command execution is done.
17:08:44 INFO  : Processing command line option -hwspec D:/workspace/mys-xc7z020/mys-xc7z020-trd/mys-xc7z020-trd.sdk/design_1_wrapper.hdf.
17:08:44 INFO  : Checking for hwspec changes in the project design_1_wrapper_hw_platform_0.
17:30:33 INFO  : Invoking Bootgen: bootgen -image fsbl.bif -o D:\workspace\mys-xc7z020\mys-xc7z020-trd\mys-xc7z020-trd.sdk\fsbl\bootimage\BOOT.bin -w on
17:30:33 INFO  : Overwriting existing bif file D:\workspace\mys-xc7z020\mys-xc7z020-trd\mys-xc7z020-trd.sdk\fsbl\bootimage\fsbl.bif
17:30:34 INFO  : Bootgen command execution is done.
17:56:29 INFO  : Processing command line option -hwspec D:/workspace/7Z020/mys-xc7z020-trd/mys-xc7z020-trd.sdk/design_1_wrapper.hdf.
17:56:38 ERROR : SDK has detected that project design_1_wrapper_hw_platform_0 has been deleted (or renamed).
This project was referenced by a BSP project, which will now fail to compile properly.

We recommend that you create a new BSP project pointing to a valid hardware project.
17:56:49 WARN  :  [Hsi 55-1559] Software Design already exists with Name D:\workspace\mys-xc7z020\mys-xc7z020-trd\mys-xc7z020-trd.sdk\fsbl_bsp\system.mss
17:56:49 WARN  :  [Hsi 55-1559] Software Design already exists with Name D:\workspace\mys-xc7z020\mys-xc7z020-trd\mys-xc7z020-trd.sdk\fsbl_bsp\system.mss
17:56:49 WARN  :  [Hsi 55-1559] Software Design already exists with Name D:\workspace\mys-xc7z020\mys-xc7z020-trd\mys-xc7z020-trd.sdk\fsbl_bsp\system.mss
 [Hsi 55-1559] Software Design already exists with Name D:\workspace\mys-xc7z020\mys-xc7z020-trd\mys-xc7z020-trd.sdk\fsbl_bsp\system.mss
17:56:56 WARN  :  [Hsi 55-1559] Software Design already exists with Name D:\workspace\mys-xc7z020\mys-xc7z020-trd\mys-xc7z020-trd.sdk\fsbl_bsp\system.mss
17:56:56 WARN  :  [Hsi 55-1559] Software Design already exists with Name D:\workspace\mys-xc7z020\mys-xc7z020-trd\mys-xc7z020-trd.sdk\fsbl_bsp\system.mss
17:56:56 WARN  :  [Hsi 55-1559] Software Design already exists with Name D:\workspace\mys-xc7z020\mys-xc7z020-trd\mys-xc7z020-trd.sdk\fsbl_bsp\system.mss
17:56:56 WARN  :  [Hsi 55-1559] Software Design already exists with Name D:\workspace\mys-xc7z020\mys-xc7z020-trd\mys-xc7z020-trd.sdk\fsbl_bsp\system.mss
 [Hsi 55-1559] Software Design already exists with Name D:\workspace\mys-xc7z020\mys-xc7z020-trd\mys-xc7z020-trd.sdk\fsbl_bsp\system.mss
17:56:57 WARN  :  [Hsi 55-1559] Software Design already exists with Name D:\workspace\mys-xc7z020\mys-xc7z020-trd\mys-xc7z020-trd.sdk\fsbl_bsp\system.mss
 [Hsi 55-1559] Software Design already exists with Name D:\workspace\mys-xc7z020\mys-xc7z020-trd\mys-xc7z020-trd.sdk\fsbl_bsp\system.mss
 [Hsi 55-1559] Software Design already exists with Name D:\workspace\mys-xc7z020\mys-xc7z020-trd\mys-xc7z020-trd.sdk\fsbl_bsp\system.mss
17:58:29 WARN  :  [Hsi 55-1559] Software Design already exists with Name D:\workspace\mys-xc7z020\mys-xc7z020-trd\mys-xc7z020-trd.sdk\fsbl_bsp\system.mss
17:58:29 WARN  :  [Hsi 55-1559] Software Design already exists with Name D:\workspace\mys-xc7z020\mys-xc7z020-trd\mys-xc7z020-trd.sdk\fsbl_bsp\system.mss
17:58:29 WARN  :  [Hsi 55-1559] Software Design already exists with Name D:\workspace\mys-xc7z020\mys-xc7z020-trd\mys-xc7z020-trd.sdk\fsbl_bsp\system.mss
17:58:29 WARN  :  [Hsi 55-1559] Software Design already exists with Name D:\workspace\mys-xc7z020\mys-xc7z020-trd\mys-xc7z020-trd.sdk\fsbl_bsp\system.mss
 [Hsi 55-1559] Software Design already exists with Name D:\workspace\mys-xc7z020\mys-xc7z020-trd\mys-xc7z020-trd.sdk\fsbl_bsp\system.mss
17:58:33 WARN  :  [Hsi 55-1559] Software Design already exists with Name D:\workspace\mys-xc7z020\mys-xc7z020-trd\mys-xc7z020-trd.sdk\fsbl_bsp\system.mss
17:58:33 WARN  :  [Hsi 55-1559] Software Design already exists with Name D:\workspace\mys-xc7z020\mys-xc7z020-trd\mys-xc7z020-trd.sdk\fsbl_bsp\system.mss
17:58:33 WARN  :  [Hsi 55-1559] Software Design already exists with Name D:\workspace\mys-xc7z020\mys-xc7z020-trd\mys-xc7z020-trd.sdk\fsbl_bsp\system.mss
17:58:33 WARN  :  [Hsi 55-1559] Software Design already exists with Name D:\workspace\mys-xc7z020\mys-xc7z020-trd\mys-xc7z020-trd.sdk\fsbl_bsp\system.mss
 [Hsi 55-1559] Software Design already exists with Name D:\workspace\mys-xc7z020\mys-xc7z020-trd\mys-xc7z020-trd.sdk\fsbl_bsp\system.mss
17:59:07 INFO  : Invoking Bootgen: bootgen -image fsbl.bif -o D:\workspace\7Z020\mys-xc7z020-trd\mys-xc7z020-trd.sdk\fsbl\bootimage\BOOT.bin -w on
17:59:07 INFO  : Overwriting existing bif file D:\workspace\7Z020\mys-xc7z020-trd\mys-xc7z020-trd.sdk\fsbl\bootimage\fsbl.bif
17:59:08 INFO  : Bootgen command execution is done.
18:03:01 INFO  : Processing command line option -hwspec D:/workspace/7Z020/mys-xc7z020-trd/mys-xc7z020-trd.sdk/design_1_wrapper.hdf.
18:03:03 INFO  : Checking for hwspec changes in the project design_1_wrapper_hw_platform_0.
18:03:20 INFO  : SDK has detected change in the last modified timestamps for source hardware specification file Source:1439287185139,  Project:1439200573074
18:03:20 INFO  : The hardware specification for project 'design_1_wrapper_hw_platform_0' is different from D:/workspace/7Z020/mys-xc7z020-trd/mys-xc7z020-trd.sdk/design_1_wrapper.hdf.
18:03:20 INFO  : Copied contents of D:/workspace/7Z020/mys-xc7z020-trd/mys-xc7z020-trd.sdk/design_1_wrapper.hdf into \design_1_wrapper_hw_platform_0\system.hdf.
18:03:22 INFO  : Synchronizing projects in the workspace with the hardware platform specification changes.
18:03:23 INFO  : 
18:03:24 INFO  : Updating hardware inferred compiler options for fsbl.
18:03:24 INFO  : Clearing existing target manager status.
18:03:25 INFO  : Launching XSDB server: xsdb.bat -s D:/Xilinx/SDK/2014.4/scripts/xsdb/xsdb/xsdb-server.tcl 2450
18:03:26 INFO  : Workspace synchronized with the new hardware specification file. Cleaning dependent projects...
18:07:04 WARN  :  [Hsi 55-1559] Software Design already exists with Name D:\workspace\mys-xc7z020\mys-xc7z020-trd\mys-xc7z020-trd.sdk\fsbl_bsp\system.mss
18:07:04 WARN  :  [Hsi 55-1559] Software Design already exists with Name D:\workspace\mys-xc7z020\mys-xc7z020-trd\mys-xc7z020-trd.sdk\fsbl_bsp\system.mss
18:07:04 WARN  :  [Hsi 55-1559] Software Design already exists with Name D:\workspace\mys-xc7z020\mys-xc7z020-trd\mys-xc7z020-trd.sdk\fsbl_bsp\system.mss
18:07:04 WARN  :  [Hsi 55-1559] Software Design already exists with Name D:\workspace\mys-xc7z020\mys-xc7z020-trd\mys-xc7z020-trd.sdk\fsbl_bsp\system.mss
 [Hsi 55-1559] Software Design already exists with Name D:\workspace\mys-xc7z020\mys-xc7z020-trd\mys-xc7z020-trd.sdk\fsbl_bsp\system.mss
18:07:05 WARN  :  [Hsi 55-1559] Software Design already exists with Name D:\workspace\mys-xc7z020\mys-xc7z020-trd\mys-xc7z020-trd.sdk\fsbl_bsp\system.mss
18:07:05 WARN  :  [Hsi 55-1559] Software Design already exists with Name D:\workspace\mys-xc7z020\mys-xc7z020-trd\mys-xc7z020-trd.sdk\fsbl_bsp\system.mss
18:07:05 WARN  :  [Hsi 55-1559] Software Design already exists with Name D:\workspace\mys-xc7z020\mys-xc7z020-trd\mys-xc7z020-trd.sdk\fsbl_bsp\system.mss
18:07:05 WARN  :  [Hsi 55-1559] Software Design already exists with Name D:\workspace\mys-xc7z020\mys-xc7z020-trd\mys-xc7z020-trd.sdk\fsbl_bsp\system.mss
 [Hsi 55-1559] Software Design already exists with Name D:\workspace\mys-xc7z020\mys-xc7z020-trd\mys-xc7z020-trd.sdk\fsbl_bsp\system.mss
18:07:47 INFO  : Invoking Bootgen: bootgen -image fsbl.bif -o D:\workspace\7Z020\mys-xc7z020-trd\mys-xc7z020-trd.sdk\fsbl\bootimage\BOOT.bin -w on
18:07:47 INFO  : Overwriting existing bif file D:\workspace\7Z020\mys-xc7z020-trd\mys-xc7z020-trd.sdk\fsbl\bootimage\fsbl.bif
18:07:47 INFO  : Bootgen command execution is done.
18:07:57 ERROR : Unexpected error while parsing XMD response ?: com.google.gson.JsonSyntaxException: com.google.gson.stream.MalformedJsonException: invalid number or unquoted string near 
20:32:46 INFO  : Registering command handlers for SDK TCF services
20:32:47 INFO  : Launching XSCT server: xsct.bat -interactive C:\Users\BaoChun\Desktop\bc_config\vivado\mys-xc7z020-trd\mys-xc7z020-trd.sdk\temp_xsdb_launch_script.tcl
20:32:52 INFO  : XSCT server has started successfully.
20:32:58 INFO  : Successfully done setting XSCT server connection channel  
20:32:58 INFO  : Processing command line option -hwspec C:/Users/BaoChun/Desktop/bc_config/vivado/mys-xc7z020-trd/mys-xc7z020-trd.sdk/design_1_wrapper.hdf.
20:33:03 INFO  : Successfully done setting SDK workspace  
20:33:03 ERROR : (XSDB Server)ERROR: [Hsi 55-1594] Core cpu_cortexa9 of version 2.1 not found in repositories
ERROR: [Hsi 55-1594] Core devcfg of version 3.2 not found in repositories
ERROR: [Hsi 55-1594] Core emacps of version 2.2 not found in repositories
ERROR: [Hsi 55-1594] Core gpiops of version 2.2 not found in repositories
ERROR: [Hsi 55-1594] Core iicps of version 2.3 not found in repositories
ERROR: [Hsi 55-1594] Core iicps of version 2.3 not found in repositories
ERROR: [Hsi 55-1594] Core qspips of version 3.1 not found in repositories
ERROR: [Hsi 55-1594] Core scugic of version 2.1 not found in repositories
ERROR: [Hsi 55-1594] Core scutimer of version 2.0 not found in repositories
ERROR: [Hsi 55-1594] Core scuwdt of version 2.0 not found in repositories
ERROR: [Hsi 55-1594] Core sdps of version 2.2 not found in repositories
ERROR: [Hsi 55-1594] Core ttcps of version 2.0 not found in repositories
ERROR: [Hsi 55-1594] Core uartps of version 2.2 not found in repositories
ERROR: [Hsi 55-1594] Core uartps of version 2.2 not found in repositories
ERROR: [Hsi 55-1594] Core usbps of version 2.2 not found in repositories
ERROR: [Hsi 55-1594] Core xadcps of version 2.1 not found in repositories
ERROR: [Hsi 55-1594] Core standalone of version 4.2 not found in repositories
ERROR: [Hsi 55-1594] Core xilffs of version 2.2 not found in repositories
ERROR: [Hsi 55-1594] Core xilrsa of version 1.1 not fou
20:33:03 ERROR : (XSDB Server)nd in repositories

20:33:03 ERROR : (XSDB Server)ERROR: [Hsi 55-1
20:33:03 ERROR : (XSDB Server)452] Error: running open_sw_design.

20:33:03 ERROR :  [Common 17-39] 'hsi::open_sw_design' failed due to earlier errors.
20:33:03 ERROR : (XSDB Server)ERROR: [Hsi 55-1594] C
20:33:03 ERROR : (XSDB Server)ore cpu_cortexa9 of version 2.1 not found in repositories

20:33:03 ERROR : (XSDB Server)ERROR: [Hsi 55-1594] Core devcfg of 
20:33:03 ERROR : (XSDB Server)version 3.2 not found in repositories

20:33:03 ERROR : (XSDB Server)ERROR: [Hsi 55-1594] Core emacps of ver
20:33:03 ERROR : (XSDB Server)sion 2.2 not found in repositories

20:33:03 ERROR : (XSDB Server)ERROR: [Hs
20:33:03 ERROR : (XSDB Server)i 55-1594] Core gpiops of version 2.2 
20:33:03 ERROR : (XSDB Server)not found in repositories

20:33:03 ERROR : (XSDB Server)ERROR: [Hsi 55-1594] Core iicps of version 2.3 not found in repositor
20:33:03 ERROR : (XSDB Server)ies
ERROR: [Hsi 55-
20:33:03 ERROR : (XSDB Server)1594] Core iicps of version 2.3 not fo
20:33:03 ERROR : (XSDB Server)und in repositories

20:33:03 ERROR : (XSDB Server)ERROR: [Hsi 55-1594] Core qspips of version 3.1 not fo
20:33:03 ERROR : (XSDB Server)und in repositories

20:33:03 ERROR : (XSDB Server)ERROR: [Hsi 55-1594] 
20:33:03 ERROR : (XSDB Server)Core scugic of version 2.1 not found in repo
20:33:03 ERROR : (XSDB Server)sitories
ERROR: [Hsi 55-1594] Co
20:33:03 ERROR : (XSDB Server)re scutimer of version 2.0 not found in repositories

20:33:03 ERROR : (XSDB Server)ERROR: [Hsi 55-15
20:33:03 ERROR : (XSDB Server)94] Core scuwdt of version 2.0 not found in repositories

20:33:03 ERROR : (XSDB Server)ERROR: [Hsi 55-1594] Core sdps of versio
20:33:03 ERROR : (XSDB Server)n 2.2 not found in repositories

20:33:03 ERROR : (XSDB Server)ERROR:
20:33:03 ERROR : (XSDB Server) [Hsi 55-1594] Core tt
20:33:03 ERROR : (XSDB Server)cps of version 2.0 not found
20:33:03 ERROR : (XSDB Server) in repositories

20:33:03 ERROR : (XSDB Server)ERROR: [Hsi 55-1
20:33:03 ERROR : (XSDB Server)594] Core uartps of version 2.2 n
20:33:03 ERROR : (XSDB Server)ot found in repositories
20:33:03 ERROR : (XSDB Server)

20:33:03 ERROR : (XSDB Server)ERROR: [Hsi 55-1594] Core u
20:33:03 ERROR : (XSDB Server)artps of version 2.2 not found in reposit
20:33:03 ERROR : (XSDB Server)ories

20:33:03 ERROR : (XSDB Server)ERROR: [Hsi 55-1594] C
20:33:03 ERROR : (XSDB Server)ore usbps of version 2.2 no
20:33:03 ERROR : (XSDB Server)t found in repositories

20:33:03 ERROR : (XSDB Server)ERROR: [Hsi 55-1594] Core 
20:33:03 ERROR : (XSDB Server)xadcps of version 2.1 not foun
20:33:03 ERROR : (XSDB Server)d in repositories

20:33:03 ERROR : (XSDB Server)ERROR: [
20:33:03 ERROR : (XSDB Server)Hsi 55-1594] Core standalone of versio
20:33:03 ERROR : (XSDB Server)n 4.2 not found in repositories

20:33:03 ERROR : (XSDB Server)ERROR: [Hsi 55-
20:33:03 ERROR : (XSDB Server)1594] Core xilffs of version 2.2 no
20:33:03 ERROR : (XSDB Server)t found in repositories

20:33:03 ERROR : (XSDB Server)ERROR: [Hsi 55-
20:33:03 ERROR : (XSDB Server)1594] Core xilrsa of version 1.1 not found i
20:33:03 ERROR : (XSDB Server)n repositories

20:33:03 ERROR : (XSDB Server)ERROR: [Hsi 55-1452] Error: running open_sw_design.

20:33:03 INFO  : Unable to read in MSS file C:\Users\BaoChun\Desktop\bc_config\vivado\mys-xc7z020-trd\mys-xc7z020-trd.sdk\fsbl_bsp\system.mss : null
20:33:03 ERROR : (XSDB Server)ERROR: [Hsi 55-1594
20:33:03 ERROR : (XSDB Server)] Core cpu_cortexa9 of version 2.1 not found in repositories

20:33:03 ERROR : (XSDB Server)ERROR: [Hsi 55-1594] Core devcfg of version 3.2 not found in
20:33:03 ERROR : (XSDB Server) repositories
ERROR: [Hsi 55-1594] Core emacps of version 2.2 not found in re
20:33:03 ERROR : (XSDB Server)positories
ERROR: [Hsi 55-1594] Core gp
20:33:03 ERROR : (XSDB Server)iops of version 2.2 not found in repositories

20:33:03 ERROR : (XSDB Server)ERROR: [Hsi 55-1594]
20:33:03 ERROR : (XSDB Server) Core iicps of version 2.3 not found in r
20:33:03 ERROR : (XSDB Server)epositor
20:33:03 ERROR : (XSDB Server)ies

20:33:03 ERROR : (XSDB Server)ERROR: [Hsi 55-1594] Core iicps 
20:33:03 ERROR : (XSDB Server)of version 2.3 not found in rep
20:33:03 ERROR : (XSDB Server)ositories

20:33:03 ERROR : (XSDB Server)ERROR: [Hsi 
20:33:03 ERROR : (XSDB Server)55-1594] Core qspips of version 3.1 not found in rep
20:33:03 ERROR : (XSDB Server)ositories

20:33:03 ERROR : (XSDB Server)ERROR: [Hsi 55-159
20:33:03 ERROR : (XSDB Server)4] Core scugic of version 2.1 not foun
20:33:03 ERROR : (XSDB Server)d in repositories

20:33:03 ERROR : (XSDB Server)ERROR: [Hsi 55-1594] Core scutimer of versio
20:33:03 ERROR : (XSDB Server)n 2.0 not found in repositories

20:33:03 ERROR : (XSDB Server)ERROR: [Hsi 55-1594] Core scuwdt of version 2.0 not found
20:33:03 ERROR : (XSDB Server) in repositories
ERROR: 
20:33:03 ERROR : (XSDB Server)[Hsi 55-1594] Core sdps of version 2.2 not found in r
20:33:03 ERROR : (XSDB Server)epositories
ERROR: 
20:33:03 ERROR : (XSDB Server)[Hsi 55-1594] Core ttcps of version 2.0 
20:33:03 ERROR : (XSDB Server)not found in repositories

20:33:03 ERROR : (XSDB Server)ERROR: [Hsi 55-1594] Core uartps of version 2.2 not found in repositories
ERROR: [Hsi 55-1594] Core uartps of version 2.2 not found in repo
20:33:03 ERROR : (XSDB Server)sitories
ERROR: [Hsi 55-1594] Core us
20:33:03 ERROR : (XSDB Server)bps of version 2.2 not found in repositories

20:33:03 ERROR : (XSDB Server)ERROR: [Hsi 55-1594] Core xad
20:33:03 ERROR : (XSDB Server)cps of version 2.1 not found in repositories

20:33:03 ERROR : (XSDB Server)ERROR: [Hsi 55-1594] Core 
20:33:03 ERROR : (XSDB Server)standalone of version 4.2 not found in re
20:33:03 ERROR : (XSDB Server)positories

20:33:03 ERROR : (XSDB Server)ERROR: [Hsi 55-1594] Core xilffs of ver
20:33:03 ERROR : (XSDB Server)sion 2.2 not found in repositories

20:33:03 ERROR : (XSDB Server)ERROR: [Hsi 55-1594] Core xilrsa of version 1.1 not found in repositories
ERROR: [Hs
20:33:03 ERROR : (XSDB Server)i 55-1452] Error: running open_sw_design.

20:33:03 ERROR : (XSDB Server)ERROR: [Hsi 55-1594] Co
20:33:03 ERROR : (XSDB Server)re cpu_cortexa9 of version 2.1 not found in repositories
ERROR: [Hsi 55-1594] Core devcfg 
20:33:03 ERROR : (XSDB Server)of version 3.2 not found in repositories

20:33:03 ERROR : (XSDB Server)ERROR: [Hsi 55-1594] Core e
20:33:03 ERROR : (XSDB Server)macps of version 2.2 not found in repositories
20:33:03 ERROR : (XSDB Server)

20:33:03 ERROR : (XSDB Server)ERROR: [Hsi 5
20:33:03 ERROR : (XSDB Server)5-1594] Core gpiop
20:33:03 ERROR : (XSDB Server)s of version 2.2 not fo
20:33:03 ERROR : (XSDB Server)und in repositories

20:33:03 ERROR : (XSDB Server)ERROR: [Hsi 55-15
20:33:03 ERROR : (XSDB Server)94] Core iicps of version 2.3 not fo
20:33:03 ERROR : (XSDB Server)und in repositories

20:33:03 ERROR : (XSDB Server)ERROR: [Hsi 55-1594] Core iicps 
20:33:03 ERROR : (XSDB Server)of version 2.3 not found in repositories

20:33:03 ERROR : (XSDB Server)ERROR: [Hsi 55-1
20:33:03 ERROR : (XSDB Server)594] Core qspips of version 3.1 not found in reposito
20:33:03 ERROR : (XSDB Server)ries

20:33:03 ERROR : (XSDB Server)ERROR: [Hsi 5
20:33:03 ERROR : (XSDB Server)5-1594] Core scugic of v
20:33:03 ERROR : (XSDB Server)ersion 2.1 not found in repositorie
20:33:03 ERROR : (XSDB Server)s

20:33:03 ERROR : (XSDB Server)ERROR: [Hsi 55-1594] Core scutimer of v
20:33:03 ERROR : (XSDB Server)ersion 2.0 not found in repositories

20:33:03 ERROR : (XSDB Server)ERROR: [H
20:33:03 ERROR : (XSDB Server)si 55-1594] Core scuwdt of ver
20:33:03 ERROR : (XSDB Server)sion 2.0 not found in repositories

20:33:03 ERROR : (XSDB Server)ERROR: [Hsi 55-1594] Core sdps of version 2
20:33:03 ERROR : (XSDB Server).2 not found in repositories

20:33:03 ERROR : (XSDB Server)ERROR: [Hsi 55-1594
20:33:03 ERROR : (XSDB Server)] Core ttcps of version 2.0 not found in repositories

20:33:03 ERROR : (XSDB Server)ERROR: [Hsi 55-1594] Core uartps of version 
20:33:03 ERROR : (XSDB Server)2.2 not found in repositories

20:33:03 ERROR : (XSDB Server)ERROR: [Hsi 
20:33:03 ERROR : (XSDB Server)55-1594] Core uartps of
20:33:03 ERROR : (XSDB Server) version 2.2 not found in repositor
20:33:03 ERROR : (XSDB Server)ies

20:33:03 ERROR : (XSDB Server)ERROR: [Hsi 55-1594] Core usbps of version 2.2 not
20:33:03 ERROR : (XSDB Server) found in repositories

20:33:03 ERROR : (XSDB Server)ERROR: [Hsi 55-1594] Core x
20:33:03 ERROR : (XSDB Server)adcps of version 2.1 not found in re
20:33:03 ERROR : (XSDB Server)positories

20:33:03 ERROR : (XSDB Server)ERROR: [Hsi 55-1594] Core standalone of versi
20:33:03 ERROR : (XSDB Server)on 4.2 not found in repositories

20:33:03 ERROR : (XSDB Server)ERROR: [Hsi 55-1
20:33:03 ERROR : (XSDB Server)594] Core xilffs of version 2.2 not found in repositories
ERROR: [Hsi 55-1594] Cor
20:33:03 ERROR : (XSDB Server)e xilrsa of version 1.1 not fo
20:33:03 ERROR : (XSDB Server)und in repositories

20:33:03 ERROR : (XSDB Server)ERROR: [Hsi 55-1452
20:33:03 ERROR : (XSDB Server)] Error: running open_sw_design.

20:33:03 ERROR : Failed to get_connected_periphs
Reason: ERROR: [Common 17-55] 'get_property' expects at least one object.
Resolution: If [get_<value>] was used to populate the object, check to make sure this command returns at least one valid object.

20:33:04 ERROR : (XSDB Server)ERROR: [Hsi 55-1594] Core cpu_cortexa9 of versio
20:33:04 ERROR : (XSDB Server)n 2.1 not found in repositories
ERROR: [Hsi 55-1594] Co
20:33:04 ERROR : (XSDB Server)re devcfg of version 3.2 not found in repositories
ERROR: [Hsi 55-1594] Core emacps of version 2.2 not found
20:33:04 ERROR : (XSDB Server) in repositories
ERROR: [
20:33:04 ERROR : (XSDB Server)Hsi 55-1594] Core gpiops of version 2.2 not found in repositories

20:33:04 ERROR : (XSDB Server)ERROR: [Hsi 55-159
20:33:04 ERROR : (XSDB Server)4] Core iicps of version 2.
20:33:04 ERROR : (XSDB Server)3 not found in repositories
20:33:04 ERROR : (XSDB Server)
ERROR: [Hsi 55-1
20:33:04 ERROR : (XSDB Server)594] Core iicps of version 2.3 not found in repositories

20:33:04 ERROR : (XSDB Server)ERROR: [Hsi 55-1594] Core qspips of v
20:33:04 ERROR : (XSDB Server)ersion 3.1 not found in repo
20:33:04 ERROR : (XSDB Server)sitories

20:33:04 ERROR : (XSDB Server)ERROR: [Hsi 55-1594]
20:33:04 ERROR : (XSDB Server) Core scugic of version 2.1 n
20:33:04 ERROR : (XSDB Server)ot found in repositories

20:33:04 ERROR : (XSDB Server)ERROR: [Hsi 55-1594] Core sc
20:33:04 ERROR : (XSDB Server)utimer of version 2.0 not found in repositories

20:33:04 ERROR : (XSDB Server)ERROR: [Hsi 55-159
20:33:04 ERROR : (XSDB Server)4] Core scuwdt of version 2.0 not found in repositorie
20:33:04 ERROR : (XSDB Server)s
ERROR: [Hsi 55-1594] 
20:33:04 ERROR : (XSDB Server)Core sdps of version 2.2 not found in repositories

20:33:04 ERROR : (XSDB Server)ERROR: [Hsi 55-1594] Core ttcps of version 2.0 not found in repositories
ERROR: [Hsi 55-1594] Core uartps of version 
20:33:04 ERROR : (XSDB Server)2.2 not found in repositories

20:33:04 ERROR : (XSDB Server)ERROR: [Hsi 55-1594] Core uartps of vers
20:33:04 ERROR : (XSDB Server)ion 2.2 not found in repositories

20:33:04 ERROR : (XSDB Server)ERROR: [Hsi 55-1594] Core usbps of 
20:33:04 ERROR : (XSDB Server)version 2.2 not found in repositories

20:33:04 ERROR : (XSDB Server)ERROR: [Hsi 55-15
20:33:04 ERROR : (XSDB Server)94] Core xadcps of version 2.1 
20:33:04 ERROR : (XSDB Server)not found in repositories

20:33:04 ERROR : (XSDB Server)ERROR: [Hsi 55-1594] Core standalone of versi
20:33:04 ERROR : (XSDB Server)on 4.2 not found in repositories

20:33:04 ERROR : (XSDB Server)ERROR: [Hsi 55-1594] Core xilff
20:33:04 ERROR : (XSDB Server)s of version 2.2 not found in repositories

20:33:04 ERROR : (XSDB Server)ERROR: [Hsi 55-1
20:33:04 ERROR : (XSDB Server)594] Core xilrsa of ver
20:33:04 ERROR : (XSDB Server)sion 1.1 not found in reposi
20:33:04 ERROR : (XSDB Server)tories

20:33:04 ERROR : (XSDB Server)ERROR: [H
20:33:04 ERROR : (XSDB Server)si 55-1452] Error: running
20:33:04 ERROR : (XSDB Server) open_sw_design.

20:33:04 ERROR :  [Common 17-39] 'hsi::open_sw_design' failed due to earlier errors.
20:33:04 ERROR : (XSDB Server)ERROR: [Hsi 55-1594] Co
20:33:04 ERROR : (XSDB Server)re cpu_cortexa9 of version 2.1 not found in repositories

20:33:04 ERROR : (XSDB Server)ERROR: [Hsi 55-1594] Core devcfg of version
20:33:04 ERROR : (XSDB Server) 3.2 not found in repositor
20:33:04 ERROR : (XSDB Server)ies

20:33:04 ERROR : (XSDB Server)ERROR: [Hsi 55-1594
20:33:04 ERROR : (XSDB Server)] Core emacps of version 2.2 not found in reposito
20:33:04 ERROR : (XSDB Server)ries

20:33:04 ERROR : (XSDB Server)ERROR: [H
20:33:04 ERROR : (XSDB Server)si 55-159
20:33:04 ERROR : (XSDB Server)4] Core gpiops of ve
20:33:04 ERROR : (XSDB Server)rsion 2.2 not found in reposi
20:33:04 ERROR : (XSDB Server)tories

20:33:04 ERROR : (XSDB Server)ERROR: [Hsi 55-1594] Cor
20:33:04 ERROR : (XSDB Server)e iicps of version 2.3 not found in repositories

20:33:04 ERROR : (XSDB Server)ERROR: [Hsi 55-1452] Error: r
20:33:04 ERROR : (XSDB Server)unning open_sw_design.

20:33:04 INFO  : Unable to read in MSS file C:\Users\BaoChun\Desktop\bc_config\vivado\mys-xc7z020-trd\mys-xc7z020-trd.sdk\fsbl_bsp\system.mss : null
20:33:04 ERROR : (XSDB Server)ERROR: [Hsi 55-1452] Error: run
20:33:04 ERROR : (XSDB Server)ning open_sw_design.

20:33:04 ERROR : (XSDB Server)ERROR: [Hsi 55-1452] Error: ru
20:33:04 ERROR : (XSDB Server)nning open_sw_design.

20:33:04 ERROR : Failed to get_connected_periphs
Reason: ERROR: [Common 17-55] 'get_property' expects at least one object.
Resolution: If [get_<value>] was used to populate the object, check to make sure this command returns at least one valid object.

20:33:04 ERROR : (XSDB Server)ERROR: [Hsi 55-1452] Error
20:33:04 ERROR : (XSDB Server): running open_sw_design.

20:33:04 ERROR :  [Common 17-39] 'hsi::open_sw_design' failed due to earlier errors.
20:33:04 ERROR : (XSDB Server)ERROR: [Hsi 55-1452] Error: ru
20:33:04 ERROR : (XSDB Server)nning open_sw_design.

20:33:04 INFO  : Unable to read in MSS file C:\Users\BaoChun\Desktop\bc_config\vivado\mys-xc7z020-trd\mys-xc7z020-trd.sdk\fsbl_bsp\system.mss : null
20:33:04 ERROR : (XSDB Server)ERROR: [Hsi 55-1452] Error: running open_sw_design.

20:33:04 ERROR : (XSDB Server)ERROR: [Hsi 55-1452] Error: runni
20:33:04 ERROR : (XSDB Server)ng open_sw_design.

20:33:04 ERROR : Failed to get_connected_periphs
Reason: ERROR: [Common 17-55] 'get_property' expects at least one object.
Resolution: If [get_<value>] was used to populate the object, check to make sure this command returns at least one valid object.

20:33:04 ERROR : (XSDB Server)ERROR: [Hsi 55-1452] Error: runni
20:33:04 ERROR : (XSDB Server)ng open_sw_design.

20:33:04 ERROR :  [Common 17-39] 'hsi::open_sw_design' failed due to earlier errors.
20:33:04 ERROR : (XSDB Server)ERROR: [Hsi 55-1452] Error: running 
20:33:04 ERROR : (XSDB Server)open_sw_design.

20:33:04 INFO  : Unable to read in MSS file C:\Users\BaoChun\Desktop\bc_config\vivado\mys-xc7z020-trd\mys-xc7z020-trd.sdk\fsbl_bsp\system.mss : null
20:33:04 ERROR : (XSDB Server)ERROR: [Hsi 55-1452] 
20:33:04 ERROR : (XSDB Server)Error: running open_sw_design.

20:33:04 ERROR : (XSDB Server)ERROR: [Hsi 55-1452] Error: running ope
20:33:04 ERROR : (XSDB Server)n_sw_design.

20:33:04 ERROR : Failed to get_connected_periphs
Reason: ERROR: [Common 17-55] 'get_property' expects at least one object.
Resolution: If [get_<value>] was used to populate the object, check to make sure this command returns at least one valid object.

20:33:05 ERROR : (XSDB Server)ERROR: [Hsi 55-1452] Error: running open_sw_design
20:33:05 ERROR : (XSDB Server).

20:33:05 ERROR :  [Common 17-39] 'hsi::open_sw_design' failed due to earlier errors.
20:33:05 ERROR : (XSDB Server)ERROR: [Hsi 55-1452] Error: running open
20:33:05 ERROR : (XSDB Server)_sw_design.

20:33:05 INFO  : Unable to read in MSS file C:\Users\BaoChun\Desktop\bc_config\vivado\mys-xc7z020-trd\mys-xc7z020-trd.sdk\fsbl_bsp\system.mss : null
20:33:05 ERROR : (XSDB Server)ERROR: [Hsi 55-1452] Error: ru
20:33:05 ERROR : (XSDB Server)nning open_sw_design.

20:33:06 ERROR : (XSDB Server)ERROR: [Hsi 55-1452] Error: running 
20:33:06 ERROR : (XSDB Server)open_sw_design.

20:33:06 ERROR : Failed to get_connected_periphs
Reason: ERROR: [Common 17-55] 'get_property' expects at least one object.
Resolution: If [get_<value>] was used to populate the object, check to make sure this command returns at least one valid object.

21:01:17 INFO  : Connected to target on host '127.0.0.1' and port '3121'.
21:02:04 INFO  : Connected to target on host '127.0.0.1' and port '3121'.
21:05:17 INFO  : Connected to target on host '127.0.0.1' and port '3121'.
23:40:31 INFO  : Connected to target on host '127.0.0.1' and port '3121'.
23:41:01 INFO  : Connected to target on host '127.0.0.1' and port '3121'.
23:45:29 INFO  : Connected to target on host '127.0.0.1' and port '3121'.
